#
# An unexpected error has been detected by HotSpot Virtual Machine:
#
#  EXCEPTION_ACCESS_VIOLATION (0xc0000005) at pc=0x047681eb, pid=2348, tid=576
#
# Java VM: Java HotSpot(TM) Client VM (1.5.0_09-b03 mixed mode, sharing)
# Problematic frame:
# C  [JavaGL.dll+0x81eb]
#

---------------  T H R E A D  ---------------

Current thread (0x01d50008):  JavaThread "AWT-EventQueue-0" [_thread_in_native, id=576]

siginfo: ExceptionCode=0xc0000005, reading address 0x28660000

Registers:
EAX=0x28660000, EBX=0x04157dc0, ECX=0x00000000, EDX=0x05f4021a
ESP=0x04aff504, EBP=0x04aff54c, ESI=0x27e6a588, EDI=0x01d50008
EIP=0x047681eb, EFLAGS=0x00010216

Top of Stack: (sp=0x04aff504)
0x04aff504:   00c00000 04770100 04aff544 01d4be10
0x04aff514:   01d4be14 7d4e3435 7d4e4050 00000001
0x04aff524:   00000007 00007353 000201f9 007f5a77
0x04aff534:   04aff4f4 6d8411a0 04aff544 77bf1d08
0x04aff544:   27e6a588 27e6a588 04aff62c 0476ab94
0x04aff554:   01d4bd98 04770100 41616161 41614161
0x04aff564:   00000035 41416161 61614161 61616161
0x04aff574:   00000000 57434347 04107cc8 2d322d48 

Instructions: (pc=0x047681eb)
0x047681db:   04 8b 45 e0 03 02 8d 50 01 8b 45 e4 03 45 f8 40
0x047681eb:   0f b6 00 88 02 8b 45 08 8b 50 04 8b 45 e0 03 02 


Stack: [0x04ac0000,0x04b00000),  sp=0x04aff504,  free space=253k
Native frames: (J=compiled Java code, j=interpreted, Vv=VM code, C=native code)
C  [JavaGL.dll+0x81eb]
C  [JavaGL.dll+0xab94]
C  [JavaGL.dll+0x913c]
C  [JavaGL.dll+0x11cb]
j  JavaGL.nativeInit()I+0
j  JavaGL.init()V+132
j  gl4java.awt.GLCanvas.paint(Ljava/awt/Graphics;)V+287
j  sun.awt.RepaintArea.paintComponent(Ljava/awt/Component;Ljava/awt/Graphics;)V+6
j  sun.awt.RepaintArea.paint(Ljava/lang/Object;Z)V+326
j  sun.awt.windows.WComponentPeer.handleEvent(Ljava/awt/AWTEvent;)V+63
j  java.awt.Component.dispatchEventImpl(Ljava/awt/AWTEvent;)V+765
j  java.awt.Component.dispatchEvent(Ljava/awt/AWTEvent;)V+2
j  java.awt.EventQueue.dispatchEvent(Ljava/awt/AWTEvent;)V+46
j  java.awt.EventDispatchThread.pumpOneEventForHierarchy(ILjava/awt/Component;)Z+233
j  java.awt.EventDispatchThread.pumpEventsForHierarchy(ILjava/awt/Conditional;Ljava/awt/Component;)V+26
j  java.awt.EventDispatchThread.pumpEvents(ILjava/awt/Conditional;)V+4
j  java.awt.EventDispatchThread.pumpEvents(Ljava/awt/Conditional;)V+3
j  java.awt.EventDispatchThread.run()V+9
v  ~StubRoutines::call_stub
V  [jvm.dll+0x86e84]
V  [jvm.dll+0xddead]
V  [jvm.dll+0x86d55]
V  [jvm.dll+0x86ab2]
V  [jvm.dll+0xa16b2]
V  [jvm.dll+0x10f4ac]
V  [jvm.dll+0x10f47a]
C  [MSVCRT.dll+0x2b530]
C  [kernel32.dll+0x1fff1]

Java frames: (J=compiled Java code, j=interpreted, Vv=VM code)
j  JavaGL.nativeInit()I+0
j  JavaGL.init()V+132
j  gl4java.awt.GLCanvas.paint(Ljava/awt/Graphics;)V+287
j  sun.awt.RepaintArea.paintComponent(Ljava/awt/Component;Ljava/awt/Graphics;)V+6
j  sun.awt.RepaintArea.paint(Ljava/lang/Object;Z)V+326
j  sun.awt.windows.WComponentPeer.handleEvent(Ljava/awt/AWTEvent;)V+63
j  java.awt.Component.dispatchEventImpl(Ljava/awt/AWTEvent;)V+765
j  java.awt.Component.dispatchEvent(Ljava/awt/AWTEvent;)V+2
j  java.awt.EventQueue.dispatchEvent(Ljava/awt/AWTEvent;)V+46
j  java.awt.EventDispatchThread.pumpOneEventForHierarchy(ILjava/awt/Component;)Z+233
j  java.awt.EventDispatchThread.pumpEventsForHierarchy(ILjava/awt/Conditional;Ljava/awt/Component;)V+26
j  java.awt.EventDispatchThread.pumpEvents(ILjava/awt/Conditional;)V+4
j  java.awt.EventDispatchThread.pumpEvents(Ljava/awt/Conditional;)V+3
j  java.awt.EventDispatchThread.run()V+9
v  ~StubRoutines::call_stub

---------------  P R O C E S S  ---------------

Java Threads: ( => current thread )
  0x00326ea0 JavaThread "DestroyJavaVM" [_thread_blocked, id=2072]
  0x0415eef0 JavaThread "Thread-2" [_thread_blocked, id=2148]
=>0x01d50008 JavaThread "AWT-EventQueue-0" [_thread_in_native, id=576]
  0x040e7e80 JavaThread "Image Fetcher 0" daemon [_thread_blocked, id=2468]
  0x01d17910 JavaThread "AWT-Windows" daemon [_thread_in_native, id=556]
  0x01d5f9d0 JavaThread "AWT-Shutdown" [_thread_blocked, id=4040]
  0x040d65b0 JavaThread "Java2D Disposer" daemon [_thread_blocked, id=2060]
  0x01d01fb0 JavaThread "Low Memory Detector" daemon [_thread_blocked, id=3016]
  0x01d00cc0 JavaThread "CompilerThread0" daemon [_thread_blocked, id=1464]
  0x01cfffc8 JavaThread "Signal Dispatcher" daemon [_thread_blocked, id=1204]
  0x01cd84e8 JavaThread "Finalizer" daemon [_thread_blocked, id=636]
  0x01cfab30 JavaThread "Reference Handler" daemon [_thread_blocked, id=272]

Other Threads:
  0x01cf8e70 VMThread [id=3648]
  0x01d03338 WatcherThread [id=1856]

VM state:not at safepoint (normal execution)

VM Mutex/Monitor currently owned by a thread: None

Heap
 def new generation   total 576K, used 366K [0x23e60000, 0x23f00000, 0x24340000)
  eden space 512K,  59% used [0x23e60000, 0x23eab9e0, 0x23ee0000)
  from space 64K, 100% used [0x23ee0000, 0x23ef0000, 0x23ef0000)
  to   space 64K,   0% used [0x23ef0000, 0x23ef0000, 0x23f00000)
 tenured generation   total 1408K, used 798K [0x24340000, 0x244a0000, 0x27e60000)
   the space 1408K,  56% used [0x24340000, 0x24407b88, 0x24407c00, 0x244a0000)
 compacting perm gen  total 8192K, used 1576K [0x27e60000, 0x28660000, 0x2be60000)
   the space 8192K,  19% used [0x27e60000, 0x27fea1b8, 0x27fea200, 0x28660000)
    ro space 8192K,  63% used [0x2be60000, 0x2c36d860, 0x2c36da00, 0x2c660000)
    rw space 12288K,  46% used [0x2c660000, 0x2cc00728, 0x2cc00800, 0x2d260000)

Dynamic libraries:
0x00400000 - 0x0040d000 	c:\WINDOWS\system32\java.exe
0x7d600000 - 0x7d6f0000 	C:\WINDOWS\system32\ntdll.dll
0x7d4c0000 - 0x7d5f0000 	C:\WINDOWS\syswow64\kernel32.dll
0x77f50000 - 0x77fec000 	C:\WINDOWS\syswow64\ADVAPI32.dll
0x7da20000 - 0x7db00000 	C:\WINDOWS\syswow64\RPCRT4.dll
0x77ba0000 - 0x77bfa000 	C:\WINDOWS\syswow64\MSVCRT.dll
0x6d6c0000 - 0x6d85b000 	C:\Program Files (x86)\Java\jre1.5.0_09\bin\client\jvm.dll
0x7d930000 - 0x7da00000 	C:\WINDOWS\syswow64\USER32.dll
0x7d800000 - 0x7d890000 	C:\WINDOWS\syswow64\GDI32.dll
0x76aa0000 - 0x76acd000 	c:\WINDOWS\system32\WINMM.dll
0x7dee0000 - 0x7df40000 	C:\WINDOWS\system32\IMM32.DLL
0x7dbc0000 - 0x7dbc9000 	c:\WINDOWS\system32\LPK.DLL
0x75490000 - 0x754f1000 	c:\WINDOWS\system32\USP10.dll
0x6d280000 - 0x6d288000 	C:\Program Files (x86)\Java\jre1.5.0_09\bin\hpi.dll
0x76b70000 - 0x76b7b000 	c:\WINDOWS\system32\PSAPI.DLL
0x6d690000 - 0x6d69c000 	C:\Program Files (x86)\Java\jre1.5.0_09\bin\verify.dll
0x6d300000 - 0x6d31d000 	C:\Program Files (x86)\Java\jre1.5.0_09\bin\java.dll
0x6d6b0000 - 0x6d6bf000 	C:\Program Files (x86)\Java\jre1.5.0_09\bin\zip.dll
0x6d000000 - 0x6d169000 	C:\Program Files (x86)\Java\jre1.5.0_09\bin\awt.dll
0x73070000 - 0x73097000 	c:\WINDOWS\system32\WINSPOOL.DRV
0x77670000 - 0x777a4000 	C:\WINDOWS\syswow64\ole32.dll
0x7df50000 - 0x7dfc0000 	c:\WINDOWS\system32\uxtheme.dll
0x73860000 - 0x738ac000 	c:\WINDOWS\system32\ddraw.dll
0x73b30000 - 0x73b36000 	c:\WINDOWS\system32\DCIMAN32.dll
0x6d240000 - 0x6d27f000 	C:\Program Files (x86)\Java\jre1.5.0_09\bin\fontmanager.dll
0x4b8d0000 - 0x4b921000 	C:\WINDOWS\SysWOW64\MSCTF.dll
0x75e60000 - 0x75e87000 	c:\WINDOWS\system32\apphelp.dll
0x4dc30000 - 0x4dc5e000 	C:\WINDOWS\system32\msctfime.ime
0x7c8d0000 - 0x7d0d4000 	C:\WINDOWS\syswow64\shell32.dll
0x045d0000 - 0x04622000 	C:\WINDOWS\syswow64\SHLWAPI.dll
0x7dbd0000 - 0x7dcd3000 	C:\WINDOWS\WinSxS\WOW64_Microsoft.Windows.Common-Controls_6595b64144ccf1df_6.0.3790.2778_x-ww_3020900A\comctl32.dll
0x10000000 - 0x10088000 	C:\j2sdk1.4.2_10\bin\GL4JavaJauGljJNI14.dll
0x04630000 - 0x04635000 	c:\j2sdk1.4.2_10\jre\bin\jawt.dll
0x5e8d0000 - 0x5e99e000 	c:\WINDOWS\system32\OPENGL32.DLL
0x68720000 - 0x68740000 	c:\WINDOWS\system32\GLU32.dll
0x04760000 - 0x0477a000 	C:\EDUCE\demo1\JavaGL.dll
0x04780000 - 0x047bc000 	C:\WINDOWS\system\glut32.dll
0x77530000 - 0x775c7000 	C:\WINDOWS\WinSxS\x86_Microsoft.Windows.Common-Controls_6595b64144ccf1df_5.82.3790.2778_x-ww_497C098C\comctl32.dll
0x71c40000 - 0x71c98000 	C:\WINDOWS\syswow64\netapi32.dll
0x71bd0000 - 0x71be1000 	C:\WINDOWS\syswow64\MPR.dll
0x75e90000 - 0x75e97000 	C:\WINDOWS\System32\drprov.dll
0x5f120000 - 0x5f12e000 	C:\WINDOWS\System32\ntlanman.dll
0x5f8a0000 - 0x5f8b6000 	C:\WINDOWS\System32\NETUI0.dll
0x5f860000 - 0x5f891000 	C:\WINDOWS\System32\NETUI1.dll
0x5ccf0000 - 0x5ccff000 	C:\WINDOWS\System32\SAMLIB.dll
0x75ea0000 - 0x75ea9000 	C:\WINDOWS\System32\davclnt.dll
0x770e0000 - 0x771ea000 	c:\WINDOWS\system32\SETUPAPI.dll
0x5a500000 - 0x5a52f000 	C:\Program Files (x86)\MSN Messenger\fsshext.8.0.0812.00.dll
0x78130000 - 0x781cb000 	C:\WINDOWS\WinSxS\x86_Microsoft.VC80.CRT_1fc8b3b9a1e18e3b_8.0.50727.163_x-ww_681E29FB\MSVCR80.dll
0x4dd60000 - 0x4df07000 	C:\WINDOWS\WinSxS\x86_Microsoft.Windows.GdiPlus_6595b64144ccf1df_1.0.3790.1830_x-ww_24C40C58\gdiplus.dll
0x048f0000 - 0x0497c000 	C:\WINDOWS\syswow64\OLEAUT32.dll
0x777b0000 - 0x77833000 	c:\WINDOWS\system32\CLBCatQ.DLL
0x77010000 - 0x770d6000 	c:\WINDOWS\system32\COMRes.dll
0x77b90000 - 0x77b98000 	C:\WINDOWS\syswow64\VERSION.dll
0x768e0000 - 0x768e9000 	c:\WINDOWS\system32\LINKINFO.dll
0x768f0000 - 0x76915000 	c:\WINDOWS\system32\ntshrui.dll
0x6d4c0000 - 0x6d4d3000 	C:\Program Files (x86)\Java\jre1.5.0_09\bin\net.dll
0x71c00000 - 0x71c17000 	c:\WINDOWS\system32\WS2_32.dll
0x71bf0000 - 0x71bf8000 	c:\WINDOWS\system32\WS2HELP.dll
0x6d4e0000 - 0x6d4e9000 	C:\Program Files (x86)\Java\jre1.5.0_09\bin\nio.dll
0x76920000 - 0x769e4000 	c:\WINDOWS\system32\USERENV.dll
0x69500000 - 0x69a85000 	c:\WINDOWS\system32\nvogl32.dll

VM Arguments:
java_command: smt cvpr07/newspaper2-whole_mod.obj.surf cvpr07/newspaper2-tex2.ppm
Launcher Type: SUN_STANDARD

Environment Variables:
CLASSPATH=.;C:\Program Files (x86)\Java\jre1.5.0_06\lib\ext\QTJava.zip;C:\j2sdk1.4.2_10\jre\lib\ext\gl4java.jar;C:\j2sdk1.4.2_10\jre\lib\ext\gl4java-glffonts.jar;C:\j2sdk1.4.2_10\jre\lib\ext\gl4java-glutfonts.jar;C:\j2sdk1.4.2_10\jre\lib\ext\png.jar
PATH=C:\cygwin\usr\local\bin;C:\cygwin\bin;C:\cygwin\bin;C:\cygwin\usr\X11R6\bin;c:\Program Files (x86)\MiKTeX 2.5\miktex\bin;c:\WINDOWS\system32;c:\WINDOWS;c:\WINDOWS\System32\Wbem;c:\Program Files (x86)\QuickTime\QTSystem\;c:\Program Files (x86)\Autodesk\Backburner\;c:\Program Files\Common Files\Autodesk Shared\;c:\j2sdk1.4.2_10\bin;c:\j2sdk1.4.2_10\jre\bin;c:\Program Files (x86)\OpenCV\bin
USERNAME=Lin
OS=Windows_NT
PROCESSOR_IDENTIFIER=EM64T Family 15 Model 6 Stepping 4, GenuineIntel



---------------  S Y S T E M  ---------------

OS: Windows Server 2003 family Build 3790 Service Pack 1

CPU:total 2 (cores per cpu 2, threads per core 1) family 15 model 6 stepping 4, cmov, cx8, fxsr, mmx, sse, sse2, sse3

Memory: 4k page, physical 1046516k(461832k free), swap 2549464k(2023276k free)

vm_info: Java HotSpot(TM) Client VM (1.5.0_09-b03) for windows-x86, built on Oct 12 2006 01:20:10 by "java_re" with MS VC++ 6.0

